# JRE version: Java(TM) SE Runtime Environment (26.0.1+8) (build 26.0.1+8-34)
# Java VM: Java HotSpot(TM) 64-Bit Server VM (26.0.1+8-34, mixed mode, sharing, tiered, compressed oops, compressed class ptrs, g1 gc, windows-amd64)
GC Precious Log:
 CardTable entry size: 512
 Card Set container configuration: InlinePtr #cards 5 size 8 Array Of Cards #cards 10 size 36 Howl #buckets 4 coarsen threshold 1843 Howl Bitmap #cards 512 size 80 coarsen threshold 460 Card regions per heap region 1 cards per card region 2048
 CPUs: 8 total, 8 available
 Memory: 7455M
 Large Page Support: Disabled
 NUMA Support: Disabled
 Compressed Oops: Enabled (32-bit)
 Heap Region Size: 1M
 Heap Min Capacity: 8M
 Heap Initial Capacity: 8M
 Heap Max Capacity: 1864M
 Pre-touch: Disabled
 Parallel Workers: 8
 Concurrent Workers: 2
 Concurrent Refinement Workers: 8
 Periodic GC: Disabled
Heap:
 garbage-first heap   total reserved 1908736K, committed 30720K, used 17937K [0x000000008b800000, 0x0000000100000000)
  region size 1M, 14 eden (14M), 1 survivor (1M), 4 old (4M), 0 humongous (0M), 11 free (11M)
GC Heap Usage History (20 events):
Event: 7.552 {heap Before GC invocations=0 (full 0):
 garbage-first heap   total reserved 1908736K, committed 10240K, used 5283K [0x000000008b800000, 0x0000000100000000)
  region size 1M, 4 eden (4M), 0 survivor (0M), 2 old (2M), 0 humongous (0M), 4 free (4M)
}
Event: 7.556 {heap After GC invocations=1 (full 0):
 garbage-first heap   total reserved 1908736K, committed 10240K, used 2640K [0x000000008b800000, 0x0000000100000000)
  region size 1M, 0 eden (0M), 1 survivor (1M), 3 old (3M), 0 humongous (0M), 6 free (6M)
}
Event: 8.456 {heap Before GC invocations=1 (full 0):
 garbage-first heap   total reserved 1908736K, committed 10240K, used 4688K [0x000000008b800000, 0x0000000100000000)
  region size 1M, 2 eden (2M), 1 survivor (1M), 3 old (3M), 0 humongous (0M), 4 free (4M)
}
Event: 8.459 {heap After GC invocations=2 (full 0):
 garbage-first heap   total reserved 1908736K, committed 10240K, used 3015K [0x000000008b800000, 0x0000000100000000)
  region size 1M, 0 eden (0M), 1 survivor (1M), 4 old (4M), 0 humongous (0M), 5 free (5M)
}
Event: 8.633 {heap Before GC invocations=2 (full 0):
 garbage-first heap   total reserved 1908736K, committed 10240K, used 5063K [0x000000008b800000, 0x0000000100000000)
  region size 1M, 2 eden (2M), 1 survivor (1M), 4 old (4M), 0 humongous (0M), 3 free (3M)
}
Event: 8.635 {heap After GC invocations=3 (full 0):
 garbage-first heap   total reserved 1908736K, committed 10240K, used 3069K [0x000000008b800000, 0x0000000100000000)
  region size 1M, 0 eden (0M), 1 survivor (1M), 4 old (4M), 0 humongous (0M), 5 free (5M)
}
Event: 8.789 {heap Before GC invocations=3 (full 0):
 garbage-first heap   total reserved 1908736K, committed 10240K, used 5117K [0x000000008b800000, 0x0000000100000000)
  region size 1M, 2 eden (2M), 1 survivor (1M), 4 old (4M), 0 humongous (0M), 3 free (3M)
}
Event: 8.792 {heap After GC invocations=4 (full 0):
 garbage-first heap   total reserved 1908736K, committed 10240K, used 3858K [0x000000008b800000, 0x0000000100000000)
  region size 1M, 0 eden (0M), 1 survivor (1M), 4 old (4M), 0 humongous (0M), 5 free (5M)
}
Event: 8.911 {heap Before GC invocations=4 (full 0):
 garbage-first heap   total reserved 1908736K, committed 10240K, used 5906K [0x000000008b800000, 0x0000000100000000)
  region size 1M, 2 eden (2M), 1 survivor (1M), 4 old (4M), 0 humongous (0M), 3 free (3M)
}
Event: 8.914 {heap After GC invocations=5 (full 0):
 garbage-first heap   total reserved 1908736K, committed 10240K, used 4112K [0x000000008b800000, 0x0000000100000000)
  region size 1M, 0 eden (0M), 1 survivor (1M), 5 old (5M), 0 humongous (0M), 4 free (4M)
}
Event: 9.024 {heap Before GC invocations=6 (full 0):
 garbage-first heap   total reserved 1908736K, committed 10240K, used 5136K [0x000000008b800000, 0x0000000100000000)
  region size 1M, 2 eden (2M), 1 survivor (1M), 5 old (5M), 0 humongous (0M), 2 free (2M)
}
Event: 9.025 {heap After GC invocations=7 (full 0):
 garbage-first heap   total reserved 1908736K, committed 10240K, used 4185K [0x000000008b800000, 0x0000000100000000)
  region size 1M, 0 eden (0M), 1 survivor (1M), 5 old (5M), 0 humongous (0M), 4 free (4M)
}
Event: 9.124 {heap Before GC invocations=7 (full 0):
 garbage-first heap   total reserved 1908736K, committed 10240K, used 6233K [0x000000008b800000, 0x0000000100000000)
  region size 1M, 2 eden (2M), 1 survivor (1M), 5 old (5M), 0 humongous (0M), 2 free (2M)
}
Event: 9.126 {heap After GC invocations=8 (full 0):
 garbage-first heap   total reserved 1908736K, committed 10240K, used 4245K [0x000000008b800000, 0x0000000100000000)
  region size 1M, 0 eden (0M), 1 survivor (1M), 4 old (4M), 0 humongous (0M), 5 free (5M)
}
Event: 9.253 {heap Before GC invocations=8 (full 0):
 garbage-first heap   total reserved 1908736K, committed 10240K, used 6293K [0x000000008b800000, 0x0000000100000000)
  region size 1M, 3 eden (3M), 1 survivor (1M), 4 old (4M), 0 humongous (0M), 2 free (2M)
}
Event: 9.254 {heap After GC invocations=9 (full 0):
 garbage-first heap   total reserved 1908736K, committed 10240K, used 4391K [0x000000008b800000, 0x0000000100000000)
  region size 1M, 0 eden (0M), 1 survivor (1M), 4 old (4M), 0 humongous (0M), 5 free (5M)
}
Event: 9.385 {heap Before GC invocations=10 (full 0):
 garbage-first heap   total reserved 1908736K, committed 10240K, used 7463K [0x000000008b800000, 0x0000000100000000)
  region size 1M, 3 eden (3M), 1 survivor (1M), 4 old (4M), 0 humongous (0M), 2 free (2M)
}
Event: 9.387 {heap After GC invocations=11 (full 0):
 garbage-first heap   total reserved 1908736K, committed 10240K, used 4626K [0x000000008b800000, 0x0000000100000000)
  region size 1M, 0 eden (0M), 1 survivor (1M), 4 old (4M), 0 humongous (0M), 5 free (5M)
}
Event: 9.450 {heap Before GC invocations=11 (full 0):
 garbage-first heap   total reserved 1908736K, committed 10240K, used 7698K [0x000000008b800000, 0x0000000100000000)
  region size 1M, 3 eden (3M), 1 survivor (1M), 4 old (4M), 0 humongous (0M), 2 free (2M)
}
Event: 9.452 {heap After GC invocations=12 (full 0):
 garbage-first heap   total reserved 1908736K, committed 30720K, used 4625K [0x000000008b800000, 0x0000000100000000)
  region size 1M, 0 eden (0M), 1 survivor (1M), 4 old (4M), 0 humongous (0M), 25 free (25M)
}

