# JRE version: OpenJDK Runtime Environment (25.0+1) (build 25-loom+1-11)
# Java VM: OpenJDK 64-Bit Server VM (25-loom+1-11, mixed mode, sharing, tiered, compressed oops, compressed class ptrs, g1 gc, windows-amd64)
GC Precious Log:
 CardTable entry size: 512
 Card Set container configuration: InlinePtr #cards 5 size 8 Array Of Cards #cards 10 size 36 Howl #buckets 4 coarsen threshold 1843 Howl Bitmap #cards 512 size 80 coarsen threshold 460 Card regions per heap region 1 cards per card region 2048
 CPUs: 8 total, 8 available
 Memory: 7455M
 Large Page Support: Disabled
 NUMA Support: Disabled
 Compressed Oops: Enabled (32-bit)
 Heap Region Size: 1M
 Heap Min Capacity: 8M
 Heap Initial Capacity: 118M
 Heap Max Capacity: 1864M
 Pre-touch: Disabled
 Parallel Workers: 8
 Concurrent Workers: 2
 Concurrent Refinement Workers: 8
 Periodic GC: Disabled
Heap:
 garbage-first heap   total reserved 1908736K, committed 182272K, used 131709K [0x000000008b800000, 0x0000000100000000)
  region size 1024K, 67 young (68608K), 5 survivors (5120K)
 Metaspace       used 33393K, committed 34048K, reserved 1114112K
  class space    used 3165K, committed 3456K, reserved 1048576K
GC Heap History (20 events):
Event: 14.801 GC heap before
{Heap before GC invocations=8 (full 0):
 garbage-first heap   total reserved 1908736K, committed 120832K, used 94343K [0x000000008b800000, 0x0000000100000000)
  region size 1024K, 56 young (57344K), 9 survivors (9216K)
 Metaspace       used 27525K, committed 27904K, reserved 1114112K
  class space    used 2547K, committed 2752K, reserved 1048576K
}
Event: 14.822 GC heap after
{Heap after GC invocations=9 (full 0):
 garbage-first heap   total reserved 1908736K, committed 120832K, used 55296K [0x000000008b800000, 0x0000000100000000)
  region size 1024K, 7 young (7168K), 7 survivors (7168K)
 Metaspace       used 27525K, committed 27904K, reserved 1114112K
  class space    used 2547K, committed 2752K, reserved 1048576K
}
Event: 15.123 GC heap before
{Heap before GC invocations=9 (full 0):
 garbage-first heap   total reserved 1908736K, committed 120832K, used 98304K [0x000000008b800000, 0x0000000100000000)
  region size 1024K, 49 young (50176K), 7 survivors (7168K)
 Metaspace       used 27630K, committed 28032K, reserved 1114112K
  class space    used 2550K, committed 2752K, reserved 1048576K
}
Event: 15.141 GC heap after
{Heap after GC invocations=10 (full 0):
 garbage-first heap   total reserved 1908736K, committed 120832K, used 59392K [0x000000008b800000, 0x0000000100000000)
  region size 1024K, 4 young (4096K), 4 survivors (4096K)
 Metaspace       used 27630K, committed 28032K, reserved 1114112K
  class space    used 2550K, committed 2752K, reserved 1048576K
}
Event: 15.574 GC heap before
{Heap before GC invocations=10 (full 0):
 garbage-first heap   total reserved 1908736K, committed 120832K, used 101376K [0x000000008b800000, 0x0000000100000000)
  region size 1024K, 45 young (46080K), 4 survivors (4096K)
 Metaspace       used 28353K, committed 28672K, reserved 1114112K
  class space    used 2606K, committed 2752K, reserved 1048576K
}
Event: 15.587 GC heap after
{Heap after GC invocations=11 (full 0):
 garbage-first heap   total reserved 1908736K, committed 151552K, used 62881K [0x000000008b800000, 0x0000000100000000)
  region size 1024K, 4 young (4096K), 4 survivors (4096K)
 Metaspace       used 28353K, committed 28672K, reserved 1114112K
  class space    used 2606K, committed 2752K, reserved 1048576K
}
Event: 17.494 GC heap before
{Heap before GC invocations=12 (full 0):
 garbage-first heap   total reserved 1908736K, committed 151552K, used 126369K [0x000000008b800000, 0x0000000100000000)
  region size 1024K, 67 young (68608K), 4 survivors (4096K)
 Metaspace       used 30351K, committed 30784K, reserved 1114112K
  class space    used 2797K, committed 3008K, reserved 1048576K
}
Event: 17.503 GC heap after
{Heap after GC invocations=13 (full 0):
 garbage-first heap   total reserved 1908736K, committed 151552K, used 64741K [0x000000008b800000, 0x0000000100000000)
  region size 1024K, 6 young (6144K), 6 survivors (6144K)
 Metaspace       used 30351K, committed 30784K, reserved 1114112K
  class space    used 2797K, committed 3008K, reserved 1048576K
}
Event: 18.597 GC heap before
{Heap before GC invocations=13 (full 0):
 garbage-first heap   total reserved 1908736K, committed 151552K, used 130277K [0x000000008b800000, 0x0000000100000000)
  region size 1024K, 70 young (71680K), 6 survivors (6144K)
 Metaspace       used 31065K, committed 31680K, reserved 1114112K
  class space    used 2902K, committed 3200K, reserved 1048576K
}
Event: 18.611 GC heap after
{Heap after GC invocations=14 (full 0):
 garbage-first heap   total reserved 1908736K, committed 151552K, used 66182K [0x000000008b800000, 0x0000000100000000)
  region size 1024K, 4 young (4096K), 4 survivors (4096K)
 Metaspace       used 31065K, committed 31680K, reserved 1114112K
  class space    used 2902K, committed 3200K, reserved 1048576K
}
Event: 19.037 GC heap before
{Heap before GC invocations=14 (full 0):
 garbage-first heap   total reserved 1908736K, committed 151552K, used 133766K [0x000000008b800000, 0x0000000100000000)
  region size 1024K, 70 young (71680K), 4 survivors (4096K)
 Metaspace       used 31151K, committed 31744K, reserved 1114112K
  class space    used 2911K, committed 3200K, reserved 1048576K
}
Event: 19.047 GC heap after
{Heap after GC invocations=15 (full 0):
 garbage-first heap   total reserved 1908736K, committed 151552K, used 68230K [0x000000008b800000, 0x0000000100000000)
  region size 1024K, 6 young (6144K), 6 survivors (6144K)
 Metaspace       used 31151K, committed 31744K, reserved 1114112K
  class space    used 2911K, committed 3200K, reserved 1048576K
}
Event: 19.282 GC heap before
{Heap before GC invocations=15 (full 0):
 garbage-first heap   total reserved 1908736K, committed 151552K, used 135814K [0x000000008b800000, 0x0000000100000000)
  region size 1024K, 72 young (73728K), 6 survivors (6144K)
 Metaspace       used 31207K, committed 31808K, reserved 1114112K
  class space    used 2912K, committed 3200K, reserved 1048576K
}
Event: 19.290 GC heap after
{Heap after GC invocations=16 (full 0):
 garbage-first heap   total reserved 1908736K, committed 151552K, used 67900K [0x000000008b800000, 0x0000000100000000)
  region size 1024K, 4 young (4096K), 4 survivors (4096K)
 Metaspace       used 31207K, committed 31808K, reserved 1114112K
  class space    used 2912K, committed 3200K, reserved 1048576K
}
Event: 19.504 GC heap before
{Heap before GC invocations=16 (full 0):
 garbage-first heap   total reserved 1908736K, committed 151552K, used 137532K [0x000000008b800000, 0x0000000100000000)
  region size 1024K, 72 young (73728K), 4 survivors (4096K)
 Metaspace       used 31229K, committed 31808K, reserved 1114112K
  class space    used 2912K, committed 3200K, reserved 1048576K
}
Event: 19.512 GC heap after
{Heap after GC invocations=17 (full 0):
 garbage-first heap   total reserved 1908736K, committed 151552K, used 68718K [0x000000008b800000, 0x0000000100000000)
  region size 1024K, 5 young (5120K), 5 survivors (5120K)
 Metaspace       used 31229K, committed 31808K, reserved 1114112K
  class space    used 2912K, committed 3200K, reserved 1048576K
}
Event: 19.793 GC heap before
{Heap before GC invocations=17 (full 0):
 garbage-first heap   total reserved 1908736K, committed 151552K, used 137326K [0x000000008b800000, 0x0000000100000000)
  region size 1024K, 72 young (73728K), 5 survivors (5120K)
 Metaspace       used 31262K, committed 31872K, reserved 1114112K
  class space    used 2913K, committed 3200K, reserved 1048576K
}
Event: 19.802 GC heap after
{Heap after GC invocations=18 (full 0):
 garbage-first heap   total reserved 1908736K, committed 182272K, used 68502K [0x000000008b800000, 0x0000000100000000)
  region size 1024K, 5 young (5120K), 5 survivors (5120K)
 Metaspace       used 31262K, committed 31872K, reserved 1114112K
  class space    used 2913K, committed 3200K, reserved 1048576K
}
Event: 20.030 GC heap before
{Heap before GC invocations=18 (full 0):
 garbage-first heap   total reserved 1908736K, committed 182272K, used 165782K [0x000000008b800000, 0x0000000100000000)
  region size 1024K, 100 young (102400K), 5 survivors (5120K)
 Metaspace       used 31274K, committed 31872K, reserved 1114112K
  class space    used 2913K, committed 3200K, reserved 1048576K
}
Event: 20.038 GC heap after
{Heap after GC invocations=19 (full 0):
 garbage-first heap   total reserved 1908736K, committed 182272K, used 69245K [0x000000008b800000, 0x0000000100000000)
  region size 1024K, 5 young (5120K), 5 survivors (5120K)
 Metaspace       used 31274K, committed 31872K, reserved 1114112K
  class space    used 2913K, committed 3200K, reserved 1048576K
}

