# JRE version: OpenJDK Runtime Environment (25.0+1) (build 25-loom+1-11)
# Java VM: OpenJDK 64-Bit Server VM (25-loom+1-11, mixed mode, emulated-client, tiered, compressed oops, compressed class ptrs, g1 gc, windows-amd64)
GC Precious Log:
 CardTable entry size: 512
 Card Set container configuration: InlinePtr #cards 5 size 8 Array Of Cards #cards 10 size 36 Howl #buckets 4 coarsen threshold 1843 Howl Bitmap #cards 512 size 80 coarsen threshold 460 Card regions per heap region 1 cards per card region 2048
 CPUs: 8 total, 8 available
 Memory: 7455M
 Large Page Support: Disabled
 NUMA Support: Disabled
 Compressed Oops: Enabled (32-bit)
 Heap Region Size: 1M
 Heap Min Capacity: 8M
 Heap Initial Capacity: 118M
 Heap Max Capacity: 1864M
 Pre-touch: Disabled
 Parallel Workers: 8
 Concurrent Workers: 2
 Concurrent Refinement Workers: 8
 Periodic GC: Disabled
Heap:
 garbage-first heap   total reserved 1908736K, committed 132096K, used 81774K [0x000000008b800000, 0x0000000100000000)
  region size 1024K, 2 young (2048K), 2 survivors (2048K)
 Metaspace       used 92189K, committed 92928K, reserved 1179648K
  class space    used 10476K, committed 10752K, reserved 1048576K
GC Heap History (20 events):
Event: 26.618 GC heap after
{Heap after GC invocations=28 (full 0):
 garbage-first heap   total reserved 1908736K, committed 75776K, used 44306K [0x000000008b800000, 0x0000000100000000)
  region size 1024K, 2 young (2048K), 2 survivors (2048K)
 Metaspace       used 77219K, committed 77760K, reserved 1179648K
  class space    used 8228K, committed 8448K, reserved 1048576K
}
Event: 27.094 GC heap before
{Heap before GC invocations=28 (full 0):
 garbage-first heap   total reserved 1908736K, committed 75776K, used 67858K [0x000000008b800000, 0x0000000100000000)
  region size 1024K, 25 young (25600K), 2 survivors (2048K)
 Metaspace       used 78031K, committed 78592K, reserved 1179648K
  class space    used 8346K, committed 8576K, reserved 1048576K
}
Event: 27.103 GC heap after
{Heap after GC invocations=29 (full 0):
 garbage-first heap   total reserved 1908736K, committed 75776K, used 44319K [0x000000008b800000, 0x0000000100000000)
  region size 1024K, 2 young (2048K), 2 survivors (2048K)
 Metaspace       used 78031K, committed 78592K, reserved 1179648K
  class space    used 8346K, committed 8576K, reserved 1048576K
}
Event: 29.312 GC heap before
{Heap before GC invocations=29 (full 0):
 garbage-first heap   total reserved 1908736K, committed 75776K, used 66847K [0x000000008b800000, 0x0000000100000000)
  region size 1024K, 25 young (25600K), 2 survivors (2048K)
 Metaspace       used 82738K, committed 83328K, reserved 1179648K
  class space    used 8877K, committed 9152K, reserved 1048576K
}
Event: 29.318 GC heap after
{Heap after GC invocations=30 (full 0):
 garbage-first heap   total reserved 1908736K, committed 91136K, used 46068K [0x000000008b800000, 0x0000000100000000)
  region size 1024K, 4 young (4096K), 4 survivors (4096K)
 Metaspace       used 82738K, committed 83328K, reserved 1179648K
  class space    used 8877K, committed 9152K, reserved 1048576K
}
Event: 35.757 GC heap before
{Heap before GC invocations=31 (full 0):
 garbage-first heap   total reserved 1908736K, committed 91136K, used 80884K [0x000000008b800000, 0x0000000100000000)
  region size 1024K, 38 young (38912K), 4 survivors (4096K)
 Metaspace       used 85795K, committed 86400K, reserved 1179648K
  class space    used 9260K, committed 9536K, reserved 1048576K
}
Event: 35.763 GC heap after
{Heap after GC invocations=32 (full 0):
 garbage-first heap   total reserved 1908736K, committed 91136K, used 47972K [0x000000008b800000, 0x0000000100000000)
  region size 1024K, 5 young (5120K), 5 survivors (5120K)
 Metaspace       used 85795K, committed 86400K, reserved 1179648K
  class space    used 9260K, committed 9536K, reserved 1048576K
}
Event: 42.323 GC heap before
{Heap before GC invocations=32 (full 0):
 garbage-first heap   total reserved 1908736K, committed 91136K, used 78692K [0x000000008b800000, 0x0000000100000000)
  region size 1024K, 36 young (36864K), 5 survivors (5120K)
 Metaspace       used 90030K, committed 90688K, reserved 1179648K
  class space    used 10153K, committed 10432K, reserved 1048576K
}
Event: 42.330 GC heap after
{Heap after GC invocations=33 (full 0):
 garbage-first heap   total reserved 1908736K, committed 91136K, used 50493K [0x000000008b800000, 0x0000000100000000)
  region size 1024K, 5 young (5120K), 5 survivors (5120K)
 Metaspace       used 90030K, committed 90688K, reserved 1179648K
  class space    used 10153K, committed 10432K, reserved 1048576K
}
Event: 43.056 GC heap before
{Heap before GC invocations=33 (full 0):
 garbage-first heap   total reserved 1908736K, committed 91136K, used 79165K [0x000000008b800000, 0x0000000100000000)
  region size 1024K, 34 young (34816K), 5 survivors (5120K)
 Metaspace       used 92285K, committed 92928K, reserved 1179648K
  class space    used 10503K, committed 10752K, reserved 1048576K
}
Event: 43.068 GC heap after
{Heap after GC invocations=34 (full 0):
 garbage-first heap   total reserved 1908736K, committed 93184K, used 57569K [0x000000008b800000, 0x0000000100000000)
  region size 1024K, 5 young (5120K), 5 survivors (5120K)
 Metaspace       used 92285K, committed 92928K, reserved 1179648K
  class space    used 10503K, committed 10752K, reserved 1048576K
}
Event: 43.216 GC heap before
{Heap before GC invocations=35 (full 0):
 garbage-first heap   total reserved 1908736K, committed 97280K, used 81121K [0x000000008b800000, 0x0000000100000000)
  region size 1024K, 28 young (28672K), 5 survivors (5120K)
 Metaspace       used 92270K, committed 92928K, reserved 1179648K
  class space    used 10498K, committed 10752K, reserved 1048576K
}
Event: 43.232 GC heap after
{Heap after GC invocations=36 (full 0):
 garbage-first heap   total reserved 1908736K, committed 97280K, used 66090K [0x000000008b800000, 0x0000000100000000)
  region size 1024K, 4 young (4096K), 4 survivors (4096K)
 Metaspace       used 92270K, committed 92928K, reserved 1179648K
  class space    used 10498K, committed 10752K, reserved 1048576K
}
Event: 43.309 GC heap before
{Heap before GC invocations=36 (full 0):
 garbage-first heap   total reserved 1908736K, committed 97280K, used 84522K [0x000000008b800000, 0x0000000100000000)
  region size 1024K, 22 young (22528K), 4 survivors (4096K)
 Metaspace       used 92271K, committed 92928K, reserved 1179648K
  class space    used 10499K, committed 10752K, reserved 1048576K
}
Event: 43.318 GC heap after
{Heap after GC invocations=37 (full 0):
 garbage-first heap   total reserved 1908736K, committed 97280K, used 70656K [0x000000008b800000, 0x0000000100000000)
  region size 1024K, 3 young (3072K), 3 survivors (3072K)
 Metaspace       used 92271K, committed 92928K, reserved 1179648K
  class space    used 10499K, committed 10752K, reserved 1048576K
}
Event: 43.373 GC heap before
{Heap before GC invocations=37 (full 0):
 garbage-first heap   total reserved 1908736K, committed 97280K, used 86016K [0x000000008b800000, 0x0000000100000000)
  region size 1024K, 18 young (18432K), 3 survivors (3072K)
 Metaspace       used 92271K, committed 92928K, reserved 1179648K
  class space    used 10499K, committed 10752K, reserved 1048576K
}
Event: 43.381 GC heap after
{Heap after GC invocations=38 (full 0):
 garbage-first heap   total reserved 1908736K, committed 97280K, used 75776K [0x000000008b800000, 0x0000000100000000)
  region size 1024K, 3 young (3072K), 3 survivors (3072K)
 Metaspace       used 92271K, committed 92928K, reserved 1179648K
  class space    used 10499K, committed 10752K, reserved 1048576K
}
Event: 43.423 GC heap before
{Heap before GC invocations=38 (full 0):
 garbage-first heap   total reserved 1908736K, committed 97280K, used 87040K [0x000000008b800000, 0x0000000100000000)
  region size 1024K, 14 young (14336K), 3 survivors (3072K)
 Metaspace       used 92271K, committed 92928K, reserved 1179648K
  class space    used 10499K, committed 10752K, reserved 1048576K
}
Event: 43.429 GC heap after
{Heap after GC invocations=39 (full 0):
 garbage-first heap   total reserved 1908736K, committed 97280K, used 80514K [0x000000008b800000, 0x0000000100000000)
  region size 1024K, 2 young (2048K), 2 survivors (2048K)
 Metaspace       used 92271K, committed 92928K, reserved 1179648K
  class space    used 10499K, committed 10752K, reserved 1048576K
}
Event: 43.468 GC heap before
{Heap before GC invocations=40 (full 0):
 garbage-first heap   total reserved 1908736K, committed 132096K, used 86658K [0x000000008b800000, 0x0000000100000000)
  region size 1024K, 10 young (10240K), 2 survivors (2048K)
 Metaspace       used 92189K, committed 92928K, reserved 1179648K
  class space    used 10476K, committed 10752K, reserved 1048576K
}

